<?xml version="1.0" encoding="UTF-8"?>
<!-- Generated by org.testng.reporters.JUnitReportReporter -->
<testsuite skipped="5" hostname="DESKTOP-6BM3O4I" name="org.sample.Altoro" tests="6" failures="0" timestamp="05 Jan 2023 18:27:23 GMT" time="7.921" errors="0">
  <testcase name="tc6" time="7.921" classname="org.sample.Altoro"/>
  <testcase name="tc1" classname="org.sample.Altoro">
    <skipped/>
  </testcase> <!-- tc1 -->
  <testcase name="tc3" classname="org.sample.Altoro">
    <skipped/>
  </testcase> <!-- tc3 -->
  <testcase name="tc4" classname="org.sample.Altoro">
    <skipped/>
  </testcase> <!-- tc4 -->
  <testcase name="tc2" classname="org.sample.Altoro">
    <skipped/>
  </testcase> <!-- tc2 -->
  <testcase name="tc5" classname="org.sample.Altoro">
    <skipped/>
  </testcase> <!-- tc5 -->
</testsuite> <!-- org.sample.Altoro -->
